Сборка начата 11.09.2019 18:20:27.
     1>Проект "E:\Xyuna(TG)\Xyuna(TG)\Xyuna(TG).vcxproj" в узле 2 (целевые объекты Build).
     1>ClCompile:
         E:\VisualStudio\VC\bin\CL.exe /c /I"E:\SFML-2.3.2-windows-vc12-32-bit\SFML-2.3.2\include" /ZI /nologo /W3 /WX- /sdl /Od /Oy- /D SFML_DYNAMIC /D WIN32 /D _DEBUG /D _CONSOLE /D _LIB /D _UNICODE /D UNICODE /Gm /EHsc /RTC1 /MDd /GS /fp:precise /Zc:wchar_t /Zc:forScope /Yu"stdafx.h" /Fp"Debug\Xyuna(TG).pch" /Fo"Debug\\" /Fd"Debug\vc120.pdb" /Gd /TP /analyze- /errorReport:prompt "Xyuna(TG).cpp"
         Xyuna(TG).cpp
     1>e:\xyuna(tg)\xyuna(tg)\xyuna(tg).cpp(71): warning C4244: аргумент: преобразование "time_t" в "unsigned int", возможна потеря данных
     1>e:\xyuna(tg)\xyuna(tg)\xyuna(tg).cpp(187): warning C4244: аргумент: преобразование "int" в "float", возможна потеря данных
     1>e:\xyuna(tg)\xyuna(tg)\xyuna(tg).cpp(196): warning C4244: =: преобразование "sf::Int64" в "float", возможна потеря данных
     1>e:\xyuna(tg)\xyuna(tg)\xyuna(tg).cpp(147): warning C4101: event: неиспользованная локальная переменная
     1>e:\xyuna(tg)\xyuna(tg)\xyuna(tg).cpp(571): warning C4244: =: преобразование "int" в "float", возможна потеря данных
     1>e:\xyuna(tg)\xyuna(tg)\xyuna(tg).cpp(929): warning C4244: аргумент: преобразование "int" в "float", возможна потеря данных
     1>e:\xyuna(tg)\xyuna(tg)\xyuna(tg).cpp(1066): warning C4244: аргумент: преобразование "int" в "float", возможна потеря данных
     1>e:\xyuna(tg)\xyuna(tg)\xyuna(tg).cpp(1067): warning C4244: аргумент: преобразование "int" в "float", возможна потеря данных
     1>e:\xyuna(tg)\xyuna(tg)\xyuna(tg).cpp(1124): warning C4244: аргумент: преобразование "float" в "int", возможна потеря данных
     1>e:\xyuna(tg)\xyuna(tg)\xyuna(tg).cpp(1303): warning C4244: аргумент: преобразование "int" в "float", возможна потеря данных
     1>e:\xyuna(tg)\xyuna(tg)\xyuna(tg).cpp(1306): warning C4244: аргумент: преобразование "int" в "float", возможна потеря данных
     1>e:\xyuna(tg)\xyuna(tg)\xyuna(tg).cpp(1322): warning C4244: аргумент: преобразование "int" в "float", возможна потеря данных
       Link:
         E:\VisualStudio\VC\bin\link.exe /ERRORREPORT:PROMPT /OUT:"E:\Xyuna(TG)\Debug\Xyuna(TG).exe" /INCREMENTAL /NOLOGO /LIBPATH:"E:\SFML-2.3.2-windows-vc12-32-bit\SFML-2.3.2\lib" "sfml-graphics-d.lib" "sfml-window-d.lib" "sfml-system-d.lib" "sfml-audio-d.lib" kernel32.lib user32.lib gdi32.lib winspool.lib comdlg32.lib advapi32.lib shell32.lib ole32.lib oleaut32.lib uuid.lib odbc32.lib odbccp32.lib kernel32.lib user32.lib gdi32.lib winspool.lib comdlg32.lib advapi32.lib shell32.lib ole32.lib oleaut32.lib uuid.lib odbc32.lib odbccp32.lib /MANIFEST /MANIFESTUAC:"level='asInvoker' uiAccess='false'" /manifest:embed /DEBUG /PDB:"E:\Xyuna(TG)\Debug\Xyuna(TG).pdb" /SUBSYSTEM:CONSOLE /TLBID:1 /DYNAMICBASE /NXCOMPAT /IMPLIB:"E:\Xyuna(TG)\Debug\Xyuna(TG).lib" /MACHINE:X86 Debug\bot.obj
         Debug\item.obj
         Debug\Player.obj
         Debug\skill_tree.obj
         Debug\stdafx.obj
         "Debug\Xyuna(TG).obj"
         Xyuna(TG).vcxproj -> E:\Xyuna(TG)\Debug\Xyuna(TG).exe
     1>Сборка проекта "E:\Xyuna(TG)\Xyuna(TG)\Xyuna(TG).vcxproj" завершена (целевые объекты Build).

Сборка успешно завершена.

Затраченное время: 00:00:01.97
